<?xml version="1.0" encoding="UTF-8"?>
<testsuites name="jest tests" tests="5" failures="0" time="13.686">
  <testsuite name="undefined" errors="0" failures="0" skipped="0" timestamp="2019-02-04T18:22:18" time="11.627" tests="1">
    <testcase classname=" renders correctly" name=" renders correctly" time="0.022">
    </testcase>
  </testsuite>
  <testsuite name="undefined" errors="0" failures="0" skipped="0" timestamp="2019-02-04T18:22:18" time="11.706" tests="1">
    <testcase classname=" renders correctly" name=" renders correctly" time="0.053">
    </testcase>
  </testsuite>
  <testsuite name="undefined" errors="0" failures="0" skipped="0" timestamp="2019-02-04T18:22:18" time="11.917" tests="1">
    <testcase classname=" renders correctly" name=" renders correctly" time="0.311">
    </testcase>
  </testsuite>
  <testsuite name="undefined" errors="0" failures="0" skipped="0" timestamp="2019-02-04T18:22:18" time="11.935" tests="1">
    <testcase classname=" renders correctly" name=" renders correctly" time="0.324">
    </testcase>
  </testsuite>
  <testsuite name="undefined" errors="0" failures="0" skipped="0" timestamp="2019-02-04T18:22:18" time="12.036" tests="1">
    <testcase classname=" renders correctly" name=" renders correctly" time="0.27">
    </testcase>
  </testsuite>
</testsuites>